2025-04-11 14:44:16,245 - INFO - Configuration and Logging Setup Complete.
2025-04-11 14:44:16,262 - INFO - Setting up Streamlit application...
2025-04-11 14:44:16,707 - INFO - (Cache Check) Attempting to load data for app...
2025-04-11 14:44:16,708 - INFO - Loading collected data from huggingface_naics_sector_models_database.csv...
2025-04-11 14:44:16,764 - INFO - Loaded 1335 unique models from CSV.
2025-04-11 14:44:16,768 - INFO - Parsing list strings in column: tags
2025-04-11 14:44:17,316 - INFO - Parsing list strings in column: matched_sectors
2025-04-11 14:44:17,437 - INFO - Parsing list strings in column: matched_keywords
2025-04-11 14:44:17,818 - INFO - Preprocessing complete.
2025-04-11 14:44:17,822 - INFO - (Cache Check) Data loaded successfully for app.
2025-04-11 14:44:17,872 - INFO - (Cache Check) Attempting to calculate summaries...
2025-04-11 14:44:17,873 - INFO - (Cache Check) Loading NAICS data within cached function...
2025-04-11 14:44:17,873 - INFO - Loading NAICS data from naics_cni_percentages.csv...
2025-04-11 14:44:17,885 - INFO - Loaded data for 17 unique sectors.
2025-04-11 14:44:17,888 - INFO - Calculating sector summary statistics (v2)...
2025-04-11 14:44:17,905 - INFO - Aggregating base sector stats...
2025-04-11 14:44:17,948 - INFO - Base aggregation complete. Found 16 unique sectors.
2025-04-11 14:44:17,949 - INFO - Applying function to find top model per sector group...
2025-04-11 14:44:17,989 - INFO - Top model details application complete.
2025-04-11 14:44:17,998 - INFO - Merging top model details with base summary...
2025-04-11 14:44:18,008 - INFO - Merge complete. Rows after merge: 16
2025-04-11 14:44:18,009 - INFO - Mapping sector code and name...
2025-04-11 14:44:18,017 - INFO - Applying final formatting...
2025-04-11 14:44:18,037 - INFO - Sector summary calculation complete (v2).
2025-04-11 14:44:18,044 - INFO - Calculating keyword summary statistics...
2025-04-11 14:44:18,090 - INFO - Keyword summary calculation complete.
2025-04-11 14:44:18,093 - INFO - Calculating top tasks per sector...
2025-04-11 14:44:18,144 - INFO - Top tasks calculation complete.
2025-04-11 14:44:18,152 - INFO - CNI Percentage mapped from CSV data.
2025-04-11 14:44:18,161 - INFO - (Cache Check) Calculating keyword downloads per sector...
2025-04-11 14:44:18,233 - INFO - (Cache Check) Keyword downloads per sector calculated. Found 134 keyword-sector pairs.
2025-04-11 14:44:18,235 - INFO - (Cache Check) Summaries calculated successfully.
